<?xml version="1.0" encoding="UTF-8"?>
<testng-results ignored="0" total="2" passed="2" failed="0" skipped="0">
  <reporter-output>
  </reporter-output>
  <suite started-at="2024-11-09T22:43:38 IST" name="Suite" finished-at="2024-11-09T22:45:09 IST" duration-ms="91320">
    <groups>
      <group name="Functional">
        <method signature="TS005_TC005.TS005_TC005(java.lang.String,java.lang.String)[pri:0, instance:com.qa.testcases.ts005.TS005_TC005@6d3a388c]" name="TS005_TC005" class="com.qa.testcases.ts005.TS005_TC005"/>
      </group> <!-- Functional -->
      <group name="Sanity">
        <method signature="TS005_TC005.TS005_TC005(java.lang.String,java.lang.String)[pri:0, instance:com.qa.testcases.ts005.TS005_TC005@6d3a388c]" name="TS005_TC005" class="com.qa.testcases.ts005.TS005_TC005"/>
      </group> <!-- Sanity -->
    </groups>
    <test started-at="2024-11-09T22:43:38 IST" name="Test5" finished-at="2024-11-09T22:45:09 IST" duration-ms="91320">
      <class name="com.qa.testcases.ts005.TS005_TC005">
        <test-method is-config="true" signature="Suite_StartUp()[pri:0, instance:com.qa.testcases.ts005.TS005_TC005@6d3a388c]" started-at="2024-11-09T22:43:38 IST" name="Suite_StartUp" finished-at="2024-11-09T22:43:38 IST" duration-ms="420" status="PASS">
          <reporter-output>
          </reporter-output>
        </test-method> <!-- Suite_StartUp -->
        <test-method is-config="true" signature="setup(java.lang.String)[pri:0, instance:com.qa.testcases.ts005.TS005_TC005@6d3a388c]" started-at="2024-11-09T22:43:38 IST" name="setup" finished-at="2024-11-09T22:43:47 IST" duration-ms="8880" status="PASS">
          <params>
            <param index="0">
              <value>
                <![CDATA[chrome]]>
              </value>
            </param>
          </params>
          <reporter-output>
          </reporter-output>
        </test-method> <!-- setup -->
        <test-method is-config="true" signature="Method_StartUp(java.lang.reflect.Method,org.testng.ITestContext)[pri:0, instance:com.qa.testcases.ts005.TS005_TC005@6d3a388c]" started-at="2024-11-09T22:43:48 IST" name="Method_StartUp" finished-at="2024-11-09T22:43:48 IST" duration-ms="18" status="PASS">
          <params>
            <param index="0">
              <value>
                <![CDATA[public void com.qa.testcases.ts005.TS005_TC005.TS005_TC005(java.lang.String,java.lang.String) throws java.lang.Exception]]>
              </value>
            </param>
            <param index="1">
              <value>
                <![CDATA[org.testng.TestRunner@7f3c0399]]>
              </value>
            </param>
          </params>
          <reporter-output>
          </reporter-output>
        </test-method> <!-- Method_StartUp -->
        <test-method signature="TS005_TC005(java.lang.String,java.lang.String)[pri:0, instance:com.qa.testcases.ts005.TS005_TC005@6d3a388c]" started-at="2024-11-09T22:43:48 IST" name="TS005_TC005" description="Verify that user gets an error message as part of result outcome as follows provided user enters any inappropriate search keyword

Error message: &quot;Your search returned no results.&quot;" data-provider="excelData" finished-at="2024-11-09T22:44:30 IST" duration-ms="41952" status="PASS">
          <params>
            <param index="0">
              <value>
                <![CDATA[@3244]]>
              </value>
            </param>
            <param index="1">
              <value>
                <![CDATA[Your search returned no results.]]>
              </value>
            </param>
          </params>
          <reporter-output>
          </reporter-output>
        </test-method> <!-- TS005_TC005 -->
        <test-method is-config="true" signature="Method_TearDown(org.testng.ITestResult)[pri:0, instance:com.qa.testcases.ts005.TS005_TC005@6d3a388c]" started-at="2024-11-09T22:44:30 IST" name="Method_TearDown" finished-at="2024-11-09T22:44:30 IST" duration-ms="2" status="PASS">
          <params>
            <param index="0">
              <value>
                <![CDATA[[TestResult name=TS005_TC005 status=SUCCESS method=TS005_TC005.TS005_TC005(java.lang.String,java.lang.String)[pri:0, instance:com.qa.testcases.ts005.TS005_TC005@6d3a388c] output={null}]]]>
              </value>
            </param>
          </params>
          <reporter-output>
          </reporter-output>
        </test-method> <!-- Method_TearDown -->
        <test-method is-config="true" signature="Method_StartUp(java.lang.reflect.Method,org.testng.ITestContext)[pri:0, instance:com.qa.testcases.ts005.TS005_TC005@6d3a388c]" started-at="2024-11-09T22:44:30 IST" name="Method_StartUp" finished-at="2024-11-09T22:44:30 IST" duration-ms="3" status="PASS">
          <params>
            <param index="0">
              <value>
                <![CDATA[public void com.qa.testcases.ts005.TS005_TC005.TS005_TC005(java.lang.String,java.lang.String) throws java.lang.Exception]]>
              </value>
            </param>
            <param index="1">
              <value>
                <![CDATA[org.testng.TestRunner@7f3c0399]]>
              </value>
            </param>
          </params>
          <reporter-output>
          </reporter-output>
        </test-method> <!-- Method_StartUp -->
        <test-method signature="TS005_TC005(java.lang.String,java.lang.String)[pri:0, instance:com.qa.testcases.ts005.TS005_TC005@6d3a388c]" started-at="2024-11-09T22:44:30 IST" name="TS005_TC005" description="Verify that user gets an error message as part of result outcome as follows provided user enters any inappropriate search keyword

Error message: &quot;Your search returned no results.&quot;" data-provider="excelData" finished-at="2024-11-09T22:45:09 IST" duration-ms="38703" status="PASS">
          <params>
            <param index="0">
              <value>
                <![CDATA[@3244]]>
              </value>
            </param>
            <param index="1">
              <value>
                <![CDATA[Your search returned no results.]]>
              </value>
            </param>
          </params>
          <reporter-output>
          </reporter-output>
        </test-method> <!-- TS005_TC005 -->
        <test-method is-config="true" signature="Method_TearDown(org.testng.ITestResult)[pri:0, instance:com.qa.testcases.ts005.TS005_TC005@6d3a388c]" started-at="2024-11-09T22:45:09 IST" name="Method_TearDown" finished-at="2024-11-09T22:45:09 IST" duration-ms="1" status="PASS">
          <params>
            <param index="0">
              <value>
                <![CDATA[[TestResult name=TS005_TC005 status=SUCCESS method=TS005_TC005.TS005_TC005(java.lang.String,java.lang.String)[pri:0, instance:com.qa.testcases.ts005.TS005_TC005@6d3a388c] output={null}]]]>
              </value>
            </param>
          </params>
          <reporter-output>
          </reporter-output>
        </test-method> <!-- Method_TearDown -->
        <test-method is-config="true" signature="tearDown()[pri:0, instance:com.qa.testcases.ts005.TS005_TC005@6d3a388c]" started-at="2024-11-09T22:45:09 IST" name="tearDown" finished-at="2024-11-09T22:45:09 IST" duration-ms="586" status="PASS">
          <reporter-output>
          </reporter-output>
        </test-method> <!-- tearDown -->
        <test-method is-config="true" signature="Suite_TearDown()[pri:0, instance:com.qa.testcases.ts005.TS005_TC005@6d3a388c]" started-at="2024-11-09T22:45:10 IST" name="Suite_TearDown" finished-at="2024-11-09T22:45:11 IST" duration-ms="1982" status="PASS">
          <reporter-output>
          </reporter-output>
        </test-method> <!-- Suite_TearDown -->
      </class> <!-- com.qa.testcases.ts005.TS005_TC005 -->
    </test> <!-- Test5 -->
  </suite> <!-- Suite -->
</testng-results>
